Task: 3
R 0 0 
R 1 0 
R 2 0 
F 11 0 
D 2 0 
TASK 2 
TASK 2 
TASK 2 
TASK 2 
TASK 2 
P 2 134 
D 11 134 
F 11 134 
TASK 2 
TASK 2 
TASK 2 
TASK 2 
TASK 2 
F 2 265 
P 2 265 
D 11 265 
F 11 265 
D 1 265 
P 1 268 
D 11 268 
F 11 268 
TASK 1 
TASK 1 
TASK 1 
TASK 1 
TASK 1 
P 1 402 
D 11 402 
F 11 402 
TASK 1 
TASK 1 
TASK 1 
TASK 1 
TASK 1 
P 1 537 
D 11 537 
F 11 537 
TASK 1 
TASK 1 
TASK 1 
TASK 1 
TASK 1 
P 1 671 
D 11 671 
F 11 671 
TASK 1 
TASK 1 
TASK 1 
TASK 1 
TASK 1 
F 1 793 
P 1 793 
D 11 793 
F 11 793 
D 0 794 
P 0 805 
D 11 805 
F 11 805 
TASK 0 
TASK 0 
TASK 0 
TASK 0 
TASK 0 
P 0 939 
D 11 939 
F 11 939 
TASK 0 
TASK 0 
TASK 0 
TASK 0 
TASK 0 
P 0 1073 
D 11 1073 
F 11 1074 
TASK 0 
TASK 0 
TASK 0 
TASK 0 
TASK 0 
P 0 1208 
D 11 1208 
F 11 1208 
TASK 0 
TASK 0 
TASK 0 
TASK 0 
TASK 0 
P 0 1342 
D 11 1342 
F 11 1342 
TASK 0 
TASK 0 
TASK 0 
TASK 0 
TASK 0 
P 0 1476 
D 11 1476 
F 11 1476 
TASK 0 
TASK 0 
TASK 0 
TASK 0 
TASK 0 
P 0 1610 
D 11 1610 
F 11 1610 
TASK 0 
TASK 0 
TASK 0 
TASK 0 
TASK 0 
P 0 1745 
D 11 1745 
F 11 1745 
TASK 0 
TASK 0 
TASK 0 
TASK 0 
TASK 0 
TASK 0 
P 0 1879 
D 11 1879 
F 11 1879 
TASK 0 
TASK 0 
TASK 0 
TASK 0 
TASK 0 
P 0 2013 
D 11 2013 
R 2 2013 
F 11 2013 
D 2 2013 
TASK 2 
TASK 2 
TASK 2 
TASK 2 
TASK 2 
P 2 2147 
D 11 2147 
F 11 2147 
TASK 2 
TASK 2 
TASK 2 
TASK 2 
TASK 2 
F 2 2277 
P 2 2277 
D 11 2277 
F 11 2277 
P 0 2281 
D 11 2281 
F 11 2281 
TASK 0 
TASK 0 
TASK 0 
TASK 0 
TASK 0 
P 0 2416 
D 11 2416 
F 11 2416 
TASK 0 
TASK 0 
TASK 0 
TASK 0 
TASK 0 
P 0 2550 
D 11 2550 
F 11 2550 
TASK 0 
TASK 0 
TASK 0 
TASK 0 
TASK 0 
P 0 2684 
D 11 2684 
F 11 2684 
TASK 0 
TASK 0 
TASK 0 
TASK 0 
TASK 0 
P 0 2818 
D 11 2818 
F 11 2818 
TASK 0 
TASK 0 
TASK 0 
TASK 0 
TASK 0 
P 0 2952 
D 11 2952 
F 11 2953 
TASK 0 
TASK 0 
TASK 0 
TASK 0 
TASK 0 
P 0 3087 
D 11 3087 
F 11 3087 
TASK 0 
TASK 0 
TASK 0 
TASK 0 
TASK 0 
P 0 3221 
D 11 3221 
F 11 3221 
TASK 0 
TASK 0 
TASK 0 
TASK 0 
TASK 0 
P 0 3355 
D 11 3355 
F 11 3355 
TASK 0 
TASK 0 
TASK 0 
TASK 0 
TASK 0 
TASK 0 
P 0 3489 
D 11 3489 
F 11 3489 
TASK 0 
TASK 0 
TASK 0 
TASK 0 
TASK 0 
P 0 3624 
D 11 3624 
F 11 3624 
TASK 0 
TASK 0 
TASK 0 
F 0 3700 
P 0 3700 
D 11 3700 
F 11 3700 
IDLE 3700 
P 10 3758 
D 11 3758 
F 11 3758 
IDLE 3758 
P 10 3892 
D 11 3892 
F 11 3892 
IDLE 3892 
P 10 4026 
D 11 4026 
R 2 4026 
F 11 4026 
D 2 4026 
TASK 2 
TASK 2 
TASK 2 
TASK 2 
TASK 2 
P 2 4160 
D 11 4160 
F 11 4160 
TASK 2 
TASK 2 
TASK 2 
TASK 2 
TASK 2 
F 2 4290 
P 2 4290 
D 11 4291 
F 11 4291 
IDLE 4291 
P 10 4295 
D 11 4295 
F 11 4295 
IDLE 4295 
P 10 4429 
D 11 4429 
F 11 4429 
IDLE 4429 
P 10 4563 
D 11 4563 
F 11 4563 
IDLE 4563 
P 10 4697 
D 11 4697 
F 11 4697 
IDLE 4697 
P 10 4832 
D 11 4832 
F 11 4832 
IDLE 4832 
P 10 4966 
D 11 4966 
F 11 4966 
IDLE 4966 
P 10 5100 
D 11 5100 
R 1 5100 
F 11 5100 
D 1 5100 
TASK 1 
TASK 1 
TASK 1 
TASK 1 
TASK 1 
P 1 5234 
D 11 5234 
F 11 5234