Task: 3
R 0 0
R 1 0
R 2 0
F 4 0
D 2 0
Task 2
Task 2
Task 2
Task 2
Task 2
Task 2
Task 2
Task 2
Task 2
Task 2
Task 2
Task 2
P 2 153
D 4 153
F 4 153
Task 2
Task 2
Task 2
F 2 179
P 2 179
D 4 179
F 4 179
D 1 179
Task 1
Task 1
Task 1
Task 1
Task 1
Task 1
Task 1
Task 1
Task 1
Task 1
P 1 307
D 4 307
F 4 307
Task 1
Task 1
Task 1
Task 1
Task 1
Task 1
Task 1
Task 1
Task 1
Task 1
F 1 417
P 1 417
D 4 417
F 4 417
D 0 417
Task 0
Task 0
Task 0
P 0 460
D 4 460
F 4 460
Task 0
Task 0
Task 0
Task 0
Task 0
Task 0
Task 0
Task 0
Task 0
Task 0
Task 0
Task 0
Task 0
P 0 614
D 4 614
R 2 614
F 4 614
D 2 614
Task 2
Task 2
Task 2
Task 2
Task 2
Task 2
Task 2
Task 2
Task 2
Task 2
Task 2
Task 2
P 2 767
D 4 767
F 4 767
Task 2
Task 2
Task 2
F 2 792
P 2 792
D 4 793
F 4 793
Task 0
Task 0
Task 0
Task 0
Task 0
Task 0
Task 0
Task 0
Task 0
Task 0
Task 0
P 0 921
D 4 921
F 4 921
Task 0
Task 0
Task 0
Task 0
Task 0
Task 0
Task 0
Task 0
Task 0
Task 0
Task 0
Task 0
Task 0
P 0 1074
D 4 1074
R 1 1074
R 2 1074
F 4 1074
D 2 1074
Task 2
Task 2
Task 2
Task 2
Task 2
Task 2
Task 2
Task 2
Task 2
Task 2
Task 2
Task 2
P 2 1228
D 4 1228
F 4 1228
Task 2
Task 2
Task 2
F 2 1253
P 2 1253
D 4 1253
F 4 1253
D 1 1253
Task 1
Task 1
Task 1
Task 1
Task 1
Task 1
Task 1
Task 1
Task 1
Task 1
P 1 1381
D 4 1381
F 4 1381
Task 1
Task 1
Task 1
Task 1
Task 1
Task 1
Task 1
Task 1
Task 1
Task 1
F 1 1491
P 1 1491
D 4 1491
F 4 1491
Task 0
Task 0
Task 0
P 0 1535
D 4 1535
R 2 1535
F 4 1535
D 2 1535
Task 2
Task 2
Task 2
Task 2
Task 2
Task 2
Task 2
Task 2
Task 2
Task 2
Task 2
Task 2
P 2 1688
D 4 1688
F 4 1688
Task 2
Task 2
Task 2
F 2 1714
P 2 1714
D 4 1714
F 4 1714
Task 0
Task 0
Task 0
Task 0
Task 0
Task 0
Task 0
Task 0
Task 0
Task 0
Task 0
P 0 1842
D 4 1842
F 4 1842
Task 0
Task 0
Task 0
Task 0
Task 0
Task 0
Task 0
Task 0
Task 0
Task 0
Task 0
Task 0
Task 0
P 0 1995
D 4 1995
F 4 1995
Task 0
Task 0
Task 0
Task 0
Task 0
Task 0
Task 0
Task 0
Task 0
Task 0
Task 0
Task 0
Task 0
P 0 2149
D 4 2149
R 1 2149
R 2 2149
F 4 2149
D 2 2149
Task 2
Task 2
Task 2
Task 2
Task 2
Task 2
Task 2
Task 2
Task 2
Task 2
Task 2
Task 2
P 2 2302
D 4 2303
F 4 2303
Task 2
Task 2
Task 2
F 2 2328
P 2 2328
D 4 2328
F 4 2328
D 1 2328
Task 1
Task 1
Task 1
Task 1
Task 1
Task 1
Task 1
Task 1
Task 1
Task 1
P 1 2456
D 4 2456
F 4 2456
Task 1
Task 1
Task 1
Task 1
Task 1
Task 1
Task 1
Task 1
Task 1
Task 1
F 1 2566
P 1 2566
D 4 2566
R 2 2566
F 4 2566
D 2 2566
Task 2
Task 2
Task 2
P 2 2610
D 4 2610
F 4 2610
Task 2
Task 2
Task 2
Task 2
Task 2
Task 2
Task 2
Task 2
Task 2
Task 2
Task 2
Task 2
F 2 2745
P 2 2745
D 4 2745
F 4 2745
Task 0
P 0 2763
D 4 2763
F 4 2763
Task 0
Task 0
Task 0
Task 0
Task 0
Task 0
Task 0
Task 0
Task 0
F 0 2859
P 0 2859
D 4 2859
F 4 2860
IDLE 2860
P 3 2917
D 4 2917
F 4 2917
IDLE 2917
P 3 3070
D 4 3070
R 0 3070
R 1 3070
R 2 3070
F 4 3070
D 2 3070
Task 2
Task 2
Task 2
Task 2
Task 2
Task 2
Task 2
Task 2
Task 2
Task 2
Task 2
Task 2
P 2 3224
D 4 3224
F 4 3224
Task 2
Task 2
Task 2
F 2 3249
P 2 3249
D 4 3249
F 4 3249
D 1 3249
Task 1
Task 1
Task 1
Task 1
Task 1
Task 1
Task 1
Task 1
Task 1
Task 1
P 1 3377
D 4 3377
F 4 3377
Task 1
Task 1
Task 1
Task 1
Task 1
Task 1
Task 1
Task 1
Task 1
Task 1
F 1 3487
P 1 3487
D 4 3487
F 4 3487
D 0 3487
Task 0
Task 0
Task 0
P 0 3531
D 4 3531
R 2 3531
F 4 3531
D 2 3531
Task 2
Task 2
Task 2
Task 2
Task 2
Task 2
Task 2
Task 2
Task 2
Task 2
Task 2
Task 2
P 2 3684
D 4 3684
F 4 3684
Task 2
Task 2
Task 2
F 2 3709
P 2 3709
D 4 3709
F 4 3709
Task 0
Task 0
Task 0
Task 0
Task 0
Task 0
Task 0
Task 0
Task 0
Task 0
Task 0
P 0 3838
D 4 3838
F 4 3838
Task 0
Task 0
Task 0
Task 0
Task 0
Task 0
Task 0
Task 0
Task 0
Task 0
Task 0
Task 0
Task 0
P 0 3991
D 4 3991
F 4 3991
Task 0
Task 0
Task 0
Task 0
Task 0
Task 0
Task 0
Task 0
Task 0
Task 0
Task 0
Task 0
Task 0
P 0 4145
D 4 4145
R 1 4145
R 2 4145
F 4 4145
D 2 4145
Task 2
Task 2
Task 2
Task 2
Task 2
Task 2
Task 2
Task 2
Task 2
Task 2
Task 2
Task 2
P 2 4298
D 4 4298
F 4 4298
Task 2
Task 2
Task 2
F 2 4324
P 2 4324
D 4 4324
F 4 4324
D 1 4324
Task 1
Task 1
Task 1
Task 1
Task 1
Task 1
Task 1
Task 1
Task 1
Task 1
P 1 4452
D 4 4452
F 4 4452
Task 1
Task 1
Task 1
Task 1
Task 1
Task 1
Task 1
Task 1
Task 1
Task 1
F 1 4562
P 1 4562
D 4 4562
R 2 4562
F 4 4562
D 2 4562
Task 2
Task 2
Task 2
P 2 4605
D 4 4605
F 4 4605
Task 2
Task 2
Task 2
Task 2
Task 2
Task 2
Task 2
Task 2
Task 2
Task 2
Task 2
Task 2
F 2 4740
P 2 4740
D 4 4741
F 4 4741
Task 0
P 0 4759
D 4 4759
F 4 4759
Task 0
Task 0
Task 0
Task 0
Task 0
Task 0
Task 0
Task 0
Task 0
Task 0
Task 0
Task 0
Task 0
P 0 4912
D 4 4912
F 4 4912
Task 0
Task 0
Task 0
Task 0
Task 0
Task 0
Task 0
Task 0
Task 0
Task 0
Task 0
Task 0
Task 0
P 0 5066
D 4 5066
R 1 5066
R 2 5066
F 4 5066
D 2 5066
Task 2
Task 2
Task 2
Task 2
Task 2
Task 2
Task 2
Task 2
Task 2
Task 2
Task 2
Task 2
P 2 5219
D 4 5219
F 4 5219
Task 2
Task 2
Task 2
F 2 5245
P 2 5245
D 4 5245
F 4 5245
D 1 5245
Task 1
Task 1
Task 1
Task 1
Task 1
Task 1
Task 1
Task 1
Task 1
Task 1
P 1 5373
D 4 5373
F 4 5373
Task 1
Task 1
Task 1
Task 1
Task 1
Task 1
Task 1
Task 1
Task 1
Task 1
F 1 5483
P 1 5483
D 4 5483
F 4 5483
Task 0
Task 0
Task 0
Task 0
P 0 5526
D 4 5526
R 2 5526
F 4 5526
D 2 5527
Task 2
Task 2
Task 2
Task 2
Task 2
Task 2
Task 2
Task 2
Task 2
Task 2
Task 2
Task 2
P 2 5680
D 4 5680
F 4 5680
Task 2
Task 2
Task 2
F 2 5705
P 2 5705
D 4 5705
F 4 5705
Task 0
Task 0
Task 0
Task 0
Task 0
Task 0
Task 0
Task 0
Task 0
Task 0
P 0 5833
D 4 5833
F 4 5833
Task 0
Task 0
Task 0
Task 0
Task 0
Task 0
Task 0
Task 0
Task 0
F 0 5929
P 0 5929
D 4 5930
F 4 5930
IDLE 5930
P 3 5987
D 4 5987
F 4 5987
IDLE 5987
P 3 6141
D 4 6141
R 0 6141
R 1 6141
R 2 6141
F 4 6141
D 2 6141
Task 2
Task 2
Task 2
Task 2
Task 2
Task 2
Task 2
Task 2
Task 2
Task 2
Task 2
Task 2
P 2 6294
D 4 6294
F 4 6294
Task 2
Task 2
Task 2
F 2 6319
P 2 6319
D 4 6319
F 4 6319
D 1 6319
Task 1
Task 1
Task 1
Task 1
Task 1
Task 1
Task 1
Task 1
Task 1
Task 1
P 1 6448
D 4 6448
F 4 6448
Task 1
Task 1
Task 1
Task 1
Task 1
Task 1
Task 1
Task 1
Task 1
Task 1
F 1 6558
P 1 6558
D 4 6558
R 2 6558
F 4 6558
D 2 6558
Task 2
Task 2
Task 2
P 2 6601
D 4 6601
F 4 6601
Task 2
Task 2
Task 2
Task 2
Task 2
Task 2
Task 2
Task 2
Task 2
Task 2
Task 2
Task 2
F 2 6737
P 2 6737
D 4 6737
F 4 6737
D 0 6737
Task 0
P 0 6755
D 4 6755
F 4 6755
Task 0
Task 0
Task 0
Task 0
Task 0
Task 0
Task 0
Task 0
Task 0
Task 0
Task 0
Task 0
Task 0
P 0 6908
D 4 6908
F 4 6908
Task 0
Task 0
Task 0
Task 0
Task 0
Task 0
Task 0
Task 0
Task 0
Task 0
Task 0
Task 0
Task 0
P 0 7062
D 4 7062
R 1 7062
R 2 7062
F 4 7062
D 2 7062
Task 2
Task 2
Task 2
Task 2
Task 2
Task 2
Task 2
Task 2
Task 2
Task 2
Task 2
Task 2
P 2 7216
D 4 7216
F 4 7216
Task 2
Task 2
Task 2
F 2 7241
P 2 7241
D 4 7241
F 4 7241
D 1 7241
Task 1
Task 1
Task 1
Task 1
Task 1
Task 1
Task 1
Task 1
Task 1
Task 1
P 1 7369
D 4 7369
F 4 7369
Task 1
Task 1
Task 1
Task 1
Task 1
Task 1
Task 1
Task 1
Task 1
Task 1
F 1 7479
P 1 7479
D 4 7479
F 4 7479
Task 0
Task 0
Task 0
P 0 7523
D 4 7523
R 2 7523
F 4 7523
D 2 7523
Task 2
Task 2
Task 2
Task 2
Task 2
Task 2
Task 2
Task 2
Task 2
Task 2
Task 2
Task 2
P 2 7676
D 4 7676
F 4 7676
Task 2
Task 2
Task 2
F 2 7701
P 2 7701
D 4 7701
F 4 7701
Task 0
Task 0
Task 0
Task 0
Task 0
Task 0
Task 0
Task 0
Task 0
Task 0
Task 0
P 0 7830
D 4 7830
F 4 7830
Task 0
Task 0
Task 0
Task 0
Task 0
Task 0
Task 0
Task 0
Task 0
Task 0
Task 0
Task 0
Task 0
P 0 7983
D 4 7983
F 4 7983
Task 0
Task 0
Task 0
Task 0
Task 0
Task 0
Task 0
Task 0
Task 0
Task 0
Task 0
Task 0
Task 0
P 0 8137
D 4 8137
R 1 8137
R 2 8137
F 4 8137
D 2 8137
Task 2
Task 2
Task 2
Task 2
Task 2
Task 2
Task 2
Task 2
Task 2
Task 2
Task 2
Task 2
P 2 8290
D 4 8290
F 4 8290
Task 2
Task 2
Task 2
F 2 8316
P 2 8316
D 4 8316
F 4 8316
D 1 8316
Task 1
Task 1
Task 1
Task 1
Task 1
Task 1
Task 1
Task 1
Task 1
Task 1
P 1 8444
D 4 8444
F 4 8444
Task 1
Task 1
Task 1
Task 1
Task 1
Task 1
Task 1
Task 1
Task 1
Task 1
F 1 8554
P 1 8554
D 4 8554
R 2 8554
F 4 8554
D 2 8554
Task 2
Task 2
Task 2
P 2 8597
D 4 8597
F 4 8597
Task 2
Task 2
Task 2
Task 2
Task 2
Task 2
Task 2
Task 2
Task 2
Task 2
Task 2
Task 2
F 2 8733
P 2 8733
D 4 8733
F 4 8733
Task 0
Task 0
P 0 8751
D 4 8751
F 4 8751
Task 0
Task 0
Task 0
Task 0
Task 0
Task 0
Task 0
Task 0
Task 0
Task 0
Task 0
Task 0
P 0 8904
D 4 8905
F 4 8905
Task 0
Task 0
Task 0
Task 0
Task 0
Task 0
Task 0
Task 0
Task 0
F 0 9001
P 0 9001
D 4 9001
R 0 9001
R 1 9001
R 2 9001
F 4 9001
D 2 9001
Task 2
Task 2
Task 2
Task 2
P 2 9058
D 4 9058
F 4 9058
Task 2
Task 2
Task 2
Task 2
Task 2
Task 2
Task 2
Task 2
Task 2
Task 2
Task 2
F 2 9179
P 2 9179
D 4 9179
F 4 9179
D 1 9179
Task 1
Task 1
P 1 9212
D 4 9212
F 4 9212
Task 1
Task 1
Task 1
Task 1
Task 1
Task 1
Task 1
Task 1
Task 1
Task 1
Task 1
Task 1
Task 1
P 1 9365
D 4 9365
F 4 9365
Task 1
Task 1
Task 1
Task 1
Task 1
F 1 9418
P 1 9418
D 4 9418
F 4 9418
D 0 9418
Task 0
Task 0
Task 0
Task 0
Task 0
Task 0
Task 0
Task 0
P 0 9519
D 4 9519
R 2 9519
F 4 9519
D 2 9519
Task 2
Task 2
Task 2
Task 2
Task 2
Task 2
Task 2
Task 2
Task 2
Task 2
Task 2
Task 2
P 2 9672
D 4 9672
F 4 9672
Task 2
Task 2
Task 2
F 2 9697
P 2 9697
D 4 9697
F 4 9698
Task 0
Task 0
Task 0
Task 0
Task 0
Task 0
Task 0
Task 0
Task 0
Task 0
Task 0
P 0 9826
D 4 9826
F 4 9826
Task 0
Task 0
Task 0
Task 0
Task 0
Task 0
Task 0
Task 0
Task 0
Task 0
Task 0
Task 0
Task 0
P 0 9979
D 4 9979
F 4 9979
Task 0
Task 0
Task 0
Task 0
Task 0
Task 0
Task 0
Task 0
Task 0
Task 0
Task 0
Task 0
Task 0
P 0 10133
D 4 10133
Frame 0: <unknown function @ 0x100002b0> @ 0x100002b0
Frame 1: <unknown function @ 0x100002a0> @ 0x100002a0
